<?xml version="1.0" encoding="UTF-8" ?>
<testsuite name="edu.cmu.side.plugin.LearningPluginTest" timestamp="2018-10-15T19:24:49" hostname="Aeolis-Mons.wv.cc.cmu.edu" tests="2" failures="0" errors="0" skipped="0" time="5.812">
  <properties>
[...]
</properties>
  <testcase name="testTrainNominal" classname="edu.cmu.side.plugin.LearningPluginTest" time="2.122" />
  <testcase name="testTrainNumeric" classname="edu.cmu.side.plugin.LearningPluginTest" time="3.519" />
  <system-out><![CDATA[error with class 'plugins.learning.WekaGeneric'
]]></system-out>
  <system-err><![CDATA[java.lang.ClassCastException: class jdk.internal.loader.ClassLoaders$AppClassLoader cannot be cast to class java.net.URLClassLoader (jdk.internal.loader.ClassLoaders$AppClassLoader and java.net.URLClassLoader are in module java.base of loader 'bootstrap')
	at weka.core.ClassloaderUtil.addURL(ClassloaderUtil.java:70)
	at weka.core.ClassloaderUtil.addFile(ClassloaderUtil.java:59)
	at weka.core.ClassloaderUtil.addFile(ClassloaderUtil.java:50)
	at weka.core.WekaPackageManager.loadPackageDirectory(WekaPackageManager.java:351)
	at weka.core.WekaPackageManager.loadPackages(WekaPackageManager.java:618)
	at weka.core.WekaPackageManager.loadPackages(WekaPackageManager.java:578)
	at weka.gui.GenericObjectEditor.determineClasses(GenericObjectEditor.java:173)
	at weka.gui.GenericObjectEditor.<clinit>(GenericObjectEditor.java:252)
	at plugins.learning.WekaGeneric.<init>(WekaGeneric.java:33)
	at java.base/jdk.internal.reflect.NativeConstructorAccessorImpl.newInstance0(Native Method)
	at java.base/jdk.internal.reflect.NativeConstructorAccessorImpl.newInstance(NativeConstructorAccessorImpl.java:62)
	at java.base/jdk.internal.reflect.DelegatingConstructorAccessorImpl.newInstance(DelegatingConstructorAccessorImpl.java:45)
	at java.base/java.lang.reflect.Constructor.newInstance(Constructor.java:490)
	at edu.cmu.side.plugin.control.PluginLoader.<init>(PluginLoader.java:66)
	at edu.cmu.side.plugin.control.PluginWrapper.getSIDEPlugin(PluginWrapper.java:52)
	at edu.cmu.side.plugin.control.PluginWrapper.getType(PluginWrapper.java:64)
	at edu.cmu.side.plugin.control.PluginManager.createPluginTypeMap(PluginManager.java:163)
	at edu.cmu.side.plugin.control.PluginManager.<init>(PluginManager.java:190)
	at edu.cmu.side.plugin.control.PluginManager.getSharedPluginManager(PluginManager.java:204)
	at edu.cmu.side.plugin.control.PluginManager.getPluginByClassname(PluginManager.java:212)
	at edu.cmu.side.plugin.SIDEPlugin.fromSerializable(SIDEPlugin.java:155)
	at edu.cmu.side.model.OrderedPluginMap.readObject(OrderedPluginMap.java:230)
	at java.base/jdk.internal.reflect.NativeMethodAccessorImpl.invoke0(Native Method)
	at java.base/jdk.internal.reflect.NativeMethodAccessorImpl.invoke(NativeMethodAccessorImpl.java:62)
	at java.base/jdk.internal.reflect.DelegatingMethodAccessorImpl.invoke(DelegatingMethodAccessorImpl.java:43)
	at java.base/java.lang.reflect.Method.invoke(Method.java:566)
	at com.thoughtworks.xstream.converters.reflection.SerializationMethodInvoker.callReadObject(SerializationMethodInvoker.java:113)
	at com.thoughtworks.xstream.converters.reflection.SerializableConverter.doUnmarshal(SerializableConverter.java:425)
	at com.thoughtworks.xstream.converters.reflection.AbstractReflectionConverter.unmarshal(AbstractReflectionConverter.java:234)
	at com.thoughtworks.xstream.core.TreeUnmarshaller.convert(TreeUnmarshaller.java:72)
	at com.thoughtworks.xstream.core.AbstractReferenceUnmarshaller.convert(AbstractReferenceUnmarshaller.java:65)
	at com.thoughtworks.xstream.core.TreeUnmarshaller.convertAnother(TreeUnmarshaller.java:66)
	at com.thoughtworks.xstream.core.TreeUnmarshaller.convertAnother(TreeUnmarshaller.java:50)
	at com.thoughtworks.xstream.converters.reflection.SerializableConverter$2.readFromStream(SerializableConverter.java:311)
	at com.thoughtworks.xstream.core.util.CustomObjectInputStream.readObjectOverride(CustomObjectInputStream.java:104)
	at java.base/java.io.ObjectInputStream.readObject(ObjectInputStream.java:424)
	at edu.cmu.side.model.Recipe.readObject(Recipe.java:468)
	at java.base/jdk.internal.reflect.NativeMethodAccessorImpl.invoke0(Native Method)
	at java.base/jdk.internal.reflect.NativeMethodAccessorImpl.invoke(NativeMethodAccessorImpl.java:62)
	at java.base/jdk.internal.reflect.DelegatingMethodAccessorImpl.invoke(DelegatingMethodAccessorImpl.java:43)
	at java.base/java.lang.reflect.Method.invoke(Method.java:566)
	at com.thoughtworks.xstream.converters.reflection.SerializationMethodInvoker.callReadObject(SerializationMethodInvoker.java:113)
	at com.thoughtworks.xstream.converters.reflection.SerializableConverter.doUnmarshal(SerializableConverter.java:425)
	at com.thoughtworks.xstream.converters.reflection.AbstractReflectionConverter.unmarshal(AbstractReflectionConverter.java:234)
	at com.thoughtworks.xstream.core.TreeUnmarshaller.convert(TreeUnmarshaller.java:72)
	at com.thoughtworks.xstream.core.AbstractReferenceUnmarshaller.convert(AbstractReferenceUnmarshaller.java:65)
	at com.thoughtworks.xstream.core.TreeUnmarshaller.convertAnother(TreeUnmarshaller.java:66)
	at com.thoughtworks.xstream.core.TreeUnmarshaller.convertAnother(TreeUnmarshaller.java:50)
	at com.thoughtworks.xstream.core.TreeUnmarshaller.start(TreeUnmarshaller.java:134)
	at com.thoughtworks.xstream.core.AbstractTreeMarshallingStrategy.unmarshal(AbstractTreeMarshallingStrategy.java:32)
	at com.thoughtworks.xstream.XStream.unmarshal(XStream.java:1058)
	at com.thoughtworks.xstream.XStream.unmarshal(XStream.java:1042)
	at com.thoughtworks.xstream.XStream.fromXML(XStream.java:913)
	at edu.cmu.side.recipe.converters.ConverterControl.readFromXML(ConverterControl.java:130)
	at edu.cmu.side.recipe.converters.ConverterControl.readFromXML(ConverterControl.java:124)
	at edu.cmu.side.plugin.LearningPluginTest.testTrainNominal(LearningPluginTest.java:45)
	at java.base/jdk.internal.reflect.NativeMethodAccessorImpl.invoke0(Native Method)
	at java.base/jdk.internal.reflect.NativeMethodAccessorImpl.invoke(NativeMethodAccessorImpl.java:62)
	at java.base/jdk.internal.reflect.DelegatingMethodAccessorImpl.invoke(DelegatingMethodAccessorImpl.java:43)
	at java.base/java.lang.reflect.Method.invoke(Method.java:566)
	at org.junit.runners.model.FrameworkMethod$1.runReflectiveCall(FrameworkMethod.java:47)
	at org.junit.internal.runners.model.ReflectiveCallable.run(ReflectiveCallable.java:12)
	at org.junit.runners.model.FrameworkMethod.invokeExplosively(FrameworkMethod.java:44)
	at org.junit.internal.runners.statements.InvokeMethod.evaluate(InvokeMethod.java:17)
	at org.junit.runners.ParentRunner.runLeaf(ParentRunner.java:271)
	at org.junit.runners.BlockJUnit4ClassRunner.runChild(BlockJUnit4ClassRunner.java:70)
	at org.junit.runners.BlockJUnit4ClassRunner.runChild(BlockJUnit4ClassRunner.java:50)
	at org.junit.runners.ParentRunner$3.run(ParentRunner.java:238)
	at org.junit.runners.ParentRunner$1.schedule(ParentRunner.java:63)
	at org.junit.runners.ParentRunner.runChildren(ParentRunner.java:236)
	at org.junit.runners.ParentRunner.access$000(ParentRunner.java:53)
	at org.junit.runners.ParentRunner$2.evaluate(ParentRunner.java:229)
	at org.junit.internal.runners.statements.RunBefores.evaluate(RunBefores.java:26)
	at org.junit.runners.ParentRunner.run(ParentRunner.java:309)
	at junit.framework.JUnit4TestAdapter.run(JUnit4TestAdapter.java:38)
	at org.apache.tools.ant.taskdefs.optional.junit.JUnitTestRunner.run(JUnitTestRunner.java:535)
	at org.apache.tools.ant.taskdefs.optional.junit.JUnitTestRunner.launch(JUnitTestRunner.java:1182)
	at org.apache.tools.ant.taskdefs.optional.junit.JUnitTestRunner.main(JUnitTestRunner.java:1033)
[Weka] Problem loading package bayesianLogisticRegression skipping...
java.lang.ClassCastException: class jdk.internal.loader.ClassLoaders$AppClassLoader cannot be cast to class java.net.URLClassLoader (jdk.internal.loader.ClassLoaders$AppClassLoader and java.net.URLClassLoader are in module java.base of loader 'bootstrap')
	at weka.core.ClassloaderUtil.addURL(ClassloaderUtil.java:70)
	at weka.core.ClassloaderUtil.addFile(ClassloaderUtil.java:59)
	at weka.core.ClassloaderUtil.addFile(ClassloaderUtil.java:50)
	at weka.core.WekaPackageManager.loadPackageDirectory(WekaPackageManager.java:351)
	at weka.core.WekaPackageManager.loadPackages(WekaPackageManager.java:618)
	at weka.core.WekaPackageManager.loadPackages(WekaPackageManager.java:578)
	at weka.gui.GenericObjectEditor.determineClasses(GenericObjectEditor.java:173)
	at weka.gui.GenericObjectEditor.<clinit>(GenericObjectEditor.java:252)
	at plugins.learning.WekaGeneric.<init>(WekaGeneric.java:33)
	at java.base/jdk.internal.reflect.NativeConstructorAccessorImpl.newInstance0(Native Method)
	at java.base/jdk.internal.reflect.NativeConstructorAccessorImpl.newInstance(NativeConstructorAccessorImpl.java:62)
	at java.base/jdk.internal.reflect.DelegatingConstructorAccessorImpl.newInstance(DelegatingConstructorAccessorImpl.java:45)
	at java.base/java.lang.reflect.Constructor.newInstance(Constructor.java:490)
	at edu.cmu.side.plugin.control.PluginLoader.<init>(PluginLoader.java:66)
	at edu.cmu.side.plugin.control.PluginWrapper.getSIDEPlugin(PluginWrapper.java:52)
	at edu.cmu.side.plugin.control.PluginWrapper.getType(PluginWrapper.java:64)
	at edu.cmu.side.plugin.control.PluginManager.createPluginTypeMap(PluginManager.java:163)
	at edu.cmu.side.plugin.control.PluginManager.<init>(PluginManager.java:190)
	at edu.cmu.side.plugin.control.PluginManager.getSharedPluginManager(PluginManager.java:204)
	at edu.cmu.side.plugin.control.PluginManager.getPluginByClassname(PluginManager.java:212)
	at edu.cmu.side.plugin.SIDEPlugin.fromSerializable(SIDEPlugin.java:155)
	at edu.cmu.side.model.OrderedPluginMap.readObject(OrderedPluginMap.java:230)
	at java.base/jdk.internal.reflect.NativeMethodAccessorImpl.invoke0(Native Method)
	at java.base/jdk.internal.reflect.NativeMethodAccessorImpl.invoke(NativeMethodAccessorImpl.java:62)
	at java.base/jdk.internal.reflect.DelegatingMethodAccessorImpl.invoke(DelegatingMethodAccessorImpl.java:43)
	at java.base/java.lang.reflect.Method.invoke(Method.java:566)
	at com.thoughtworks.xstream.converters.reflection.SerializationMethodInvoker.callReadObject(SerializationMethodInvoker.java:113)
	at com.thoughtworks.xstream.converters.reflection.SerializableConverter.doUnmarshal(SerializableConverter.java:425)
	at com.thoughtworks.xstream.converters.reflection.AbstractReflectionConverter.unmarshal(AbstractReflectionConverter.java:234)
	at com.thoughtworks.xstream.core.TreeUnmarshaller.convert(TreeUnmarshaller.java:72)
	at com.thoughtworks.xstream.core.AbstractReferenceUnmarshaller.convert(AbstractReferenceUnmarshaller.java:65)
	at com.thoughtworks.xstream.core.TreeUnmarshaller.convertAnother(TreeUnmarshaller.java:66)
	at com.thoughtworks.xstream.core.TreeUnmarshaller.convertAnother(TreeUnmarshaller.java:50)
	at com.thoughtworks.xstream.converters.reflection.SerializableConverter$2.readFromStream(SerializableConverter.java:311)
	at com.thoughtworks.xstream.core.util.CustomObjectInputStream.readObjectOverride(CustomObjectInputStream.java:104)
	at java.base/java.io.ObjectInputStream.readObject(ObjectInputStream.java:424)
	at edu.cmu.side.model.Recipe.readObject(Recipe.java:468)
	at java.base/jdk.internal.reflect.NativeMethodAccessorImpl.invoke0(Native Method)
	at java.base/jdk.internal.reflect.NativeMethodAccessorImpl.invoke(NativeMethodAccessorImpl.java:62)
	at java.base/jdk.internal.reflect.DelegatingMethodAccessorImpl.invoke(DelegatingMethodAccessorImpl.java:43)
	at java.base/java.lang.reflect.Method.invoke(Method.java:566)
	at com.thoughtworks.xstream.converters.reflection.SerializationMethodInvoker.callReadObject(SerializationMethodInvoker.java:113)
	at com.thoughtworks.xstream.converters.reflection.SerializableConverter.doUnmarshal(SerializableConverter.java:425)
	at com.thoughtworks.xstream.converters.reflection.AbstractReflectionConverter.unmarshal(AbstractReflectionConverter.java:234)
	at com.thoughtworks.xstream.core.TreeUnmarshaller.convert(TreeUnmarshaller.java:72)
	at com.thoughtworks.xstream.core.AbstractReferenceUnmarshaller.convert(AbstractReferenceUnmarshaller.java:65)
	at com.thoughtworks.xstream.core.TreeUnmarshaller.convertAnother(TreeUnmarshaller.java:66)
	at com.thoughtworks.xstream.core.TreeUnmarshaller.convertAnother(TreeUnmarshaller.java:50)
	at com.thoughtworks.xstream.core.TreeUnmarshaller.start(TreeUnmarshaller.java:134)
	at com.thoughtworks.xstream.core.AbstractTreeMarshallingStrategy.unmarshal(AbstractTreeMarshallingStrategy.java:32)
	at com.thoughtworks.xstream.XStream.unmarshal(XStream.java:1058)
	at com.thoughtworks.xstream.XStream.unmarshal(XStream.java:1042)
	at com.thoughtworks.xstream.XStream.fromXML(XStream.java:913)
	at edu.cmu.side.recipe.converters.ConverterControl.readFromXML(ConverterControl.java:130)
	at edu.cmu.side.recipe.converters.ConverterControl.readFromXML(ConverterControl.java:124)
	at edu.cmu.side.plugin.LearningPluginTest.testTrainNominal(LearningPluginTest.java:45)
	at java.base/jdk.internal.reflect.NativeMethodAccessorImpl.invoke0(Native Method)
	at java.base/jdk.internal.reflect.NativeMethodAccessorImpl.invoke(NativeMethodAccessorImpl.java:62)
	at java.base/jdk.internal.reflect.DelegatingMethodAccessorImpl.invoke(DelegatingMethodAccessorImpl.java:43)
	at java.base/java.lang.reflect.Method.invoke(Method.java:566)
	at org.junit.runners.model.FrameworkMethod$1.runReflectiveCall(FrameworkMethod.java:47)
	at org.junit.internal.runners.model.ReflectiveCallable.run(ReflectiveCallable.java:12)
	at org.junit.runners.model.FrameworkMethod.invokeExplosively(FrameworkMethod.java:44)
	at org.junit.internal.runners.statements.InvokeMethod.evaluate(InvokeMethod.java:17)
	at org.junit.runners.ParentRunner.runLeaf(ParentRunner.java:271)
	at org.junit.runners.BlockJUnit4ClassRunner.runChild(BlockJUnit4ClassRunner.java:70)
	at org.junit.runners.BlockJUnit4ClassRunner.runChild(BlockJUnit4ClassRunner.java:50)
	at org.junit.runners.ParentRunner$3.run(ParentRunner.java:238)
	at org.junit.runners.ParentRunner$1.schedule(ParentRunner.java:63)
	at org.junit.runners.ParentRunner.runChildren(ParentRunner.java:236)
	at org.junit.runners.ParentRunner.access$000(ParentRunner.java:53)
	at org.junit.runners.ParentRunner$2.evaluate(ParentRunner.java:229)
	at org.junit.internal.runners.statements.RunBefores.evaluate(RunBefores.java:26)
	at org.junit.runners.ParentRunner.run(ParentRunner.java:309)
	at junit.framework.JUnit4TestAdapter.run(JUnit4TestAdapter.java:38)
	at org.apache.tools.ant.taskdefs.optional.junit.JUnitTestRunner.run(JUnitTestRunner.java:535)
	at org.apache.tools.ant.taskdefs.optional.junit.JUnitTestRunner.launch(JUnitTestRunner.java:1182)
	at org.apache.tools.ant.taskdefs.optional.junit.JUnitTestRunner.main(JUnitTestRunner.java:1033)
[Weka] Problem loading package chiSquaredAttributeEval skipping...
java.lang.ClassCastException: class jdk.internal.loader.ClassLoaders$AppClassLoader cannot be cast to class java.net.URLClassLoader (jdk.internal.loader.ClassLoaders$AppClassLoader and java.net.URLClassLoader are in module java.base of loader 'bootstrap')
	at weka.core.ClassloaderUtil.addURL(ClassloaderUtil.java:70)
	at weka.core.ClassloaderUtil.addFile(ClassloaderUtil.java:59)
	at weka.core.ClassloaderUtil.addFile(ClassloaderUtil.java:50)
	at weka.core.WekaPackageManager.loadPackageDirectory(WekaPackageManager.java:351)
	at weka.core.WekaPackageManager.loadPackageDirectory(WekaPackageManager.java:355)
	at weka.core.WekaPackageManager.loadPackages(WekaPackageManager.java:618)
	at weka.core.WekaPackageManager.loadPackages(WekaPackageManager.java:578)
	at weka.gui.GenericObjectEditor.determineClasses(GenericObjectEditor.java:173)
	at weka.gui.GenericObjectEditor.<clinit>(GenericObjectEditor.java:252)
	at plugins.learning.WekaGeneric.<init>(WekaGeneric.java:33)
	at java.base/jdk.internal.reflect.NativeConstructorAccessorImpl.newInstance0(Native Method)
	at java.base/jdk.internal.reflect.NativeConstructorAccessorImpl.newInstance(NativeConstructorAccessorImpl.java:62)
	at java.base/jdk.internal.reflect.DelegatingConstructorAccessorImpl.newInstance(DelegatingConstructorAccessorImpl.java:45)
	at java.base/java.lang.reflect.Constructor.newInstance(Constructor.java:490)
	at edu.cmu.side.plugin.control.PluginLoader.<init>(PluginLoader.java:66)
	at edu.cmu.side.plugin.control.PluginWrapper.getSIDEPlugin(PluginWrapper.java:52)
	at edu.cmu.side.plugin.control.PluginWrapper.getType(PluginWrapper.java:64)
	at edu.cmu.side.plugin.control.PluginManager.createPluginTypeMap(PluginManager.java:163)
	at edu.cmu.side.plugin.control.PluginManager.<init>(PluginManager.java:190)
	at edu.cmu.side.plugin.control.PluginManager.getSharedPluginManager(PluginManager.java:204)
	at edu.cmu.side.plugin.control.PluginManager.getPluginByClassname(PluginManager.java:212)
	at edu.cmu.side.plugin.SIDEPlugin.fromSerializable(SIDEPlugin.java:155)
	at edu.cmu.side.model.OrderedPluginMap.readObject(OrderedPluginMap.java:230)
	at java.base/jdk.internal.reflect.NativeMethodAccessorImpl.invoke0(Native Method)
	at java.base/jdk.internal.reflect.NativeMethodAccessorImpl.invoke(NativeMethodAccessorImpl.java:62)
	at java.base/jdk.internal.reflect.DelegatingMethodAccessorImpl.invoke(DelegatingMethodAccessorImpl.java:43)
	at java.base/java.lang.reflect.Method.invoke(Method.java:566)
	at com.thoughtworks.xstream.converters.reflection.SerializationMethodInvoker.callReadObject(SerializationMethodInvoker.java:113)
	at com.thoughtworks.xstream.converters.reflection.SerializableConverter.doUnmarshal(SerializableConverter.java:425)
	at com.thoughtworks.xstream.converters.reflection.AbstractReflectionConverter.unmarshal(AbstractReflectionConverter.java:234)
	at com.thoughtworks.xstream.core.TreeUnmarshaller.convert(TreeUnmarshaller.java:72)
	at com.thoughtworks.xstream.core.AbstractReferenceUnmarshaller.convert(AbstractReferenceUnmarshaller.java:65)
	at com.thoughtworks.xstream.core.TreeUnmarshaller.convertAnother(TreeUnmarshaller.java:66)
	at com.thoughtworks.xstream.core.TreeUnmarshaller.convertAnother(TreeUnmarshaller.java:50)
	at com.thoughtworks.xstream.converters.reflection.SerializableConverter$2.readFromStream(SerializableConverter.java:311)
	at com.thoughtworks.xstream.core.util.CustomObjectInputStream.readObjectOverride(CustomObjectInputStream.java:104)
	at java.base/java.io.ObjectInputStream.readObject(ObjectInputStream.java:424)
	at edu.cmu.side.model.Recipe.readObject(Recipe.java:468)
	at java.base/jdk.internal.reflect.NativeMethodAccessorImpl.invoke0(Native Method)
	at java.base/jdk.internal.reflect.NativeMethodAccessorImpl.invoke(NativeMethodAccessorImpl.java:62)
	at java.base/jdk.internal.reflect.DelegatingMethodAccessorImpl.invoke(DelegatingMethodAccessorImpl.java:43)
	at java.base/java.lang.reflect.Method.invoke(Method.java:566)
	at com.thoughtworks.xstream.converters.reflection.SerializationMethodInvoker.callReadObject(SerializationMethodInvoker.java:113)
	at com.thoughtworks.xstream.converters.reflection.SerializableConverter.doUnmarshal(SerializableConverter.java:425)
	at com.thoughtworks.xstream.converters.reflection.AbstractReflectionConverter.unmarshal(AbstractReflectionConverter.java:234)
	at com.thoughtworks.xstream.core.TreeUnmarshaller.convert(TreeUnmarshaller.java:72)
	at com.thoughtworks.xstream.core.AbstractReferenceUnmarshaller.convert(AbstractReferenceUnmarshaller.java:65)
	at com.thoughtworks.xstream.core.TreeUnmarshaller.convertAnother(TreeUnmarshaller.java:66)
	at com.thoughtworks.xstream.core.TreeUnmarshaller.convertAnother(TreeUnmarshaller.java:50)
	at com.thoughtworks.xstream.core.TreeUnmarshaller.start(TreeUnmarshaller.java:134)
	at com.thoughtworks.xstream.core.AbstractTreeMarshallingStrategy.unmarshal(AbstractTreeMarshallingStrategy.java:32)
	at com.thoughtworks.xstream.XStream.unmarshal(XStream.java:1058)
	at com.thoughtworks.xstream.XStream.unmarshal(XStream.java:1042)
	at com.thoughtworks.xstream.XStream.fromXML(XStream.java:913)
	at edu.cmu.side.recipe.converters.ConverterControl.readFromXML(ConverterControl.java:130)
	at edu.cmu.side.recipe.converters.ConverterControl.readFromXML(ConverterControl.java:124)
	at edu.cmu.side.plugin.LearningPluginTest.testTrainNominal(LearningPluginTest.java:45)
	at java.base/jdk.internal.reflect.NativeMethodAccessorImpl.invoke0(Native Method)
	at java.base/jdk.internal.reflect.NativeMethodAccessorImpl.invoke(NativeMethodAccessorImpl.java:62)
	at java.base/jdk.internal.reflect.DelegatingMethodAccessorImpl.invoke(DelegatingMethodAccessorImpl.java:43)
	at java.base/java.lang.reflect.Method.invoke(Method.java:566)
	at org.junit.runners.model.FrameworkMethod$1.runReflectiveCall(FrameworkMethod.java:47)
	at org.junit.internal.runners.model.ReflectiveCallable.run(ReflectiveCallable.java:12)
	at org.junit.runners.model.FrameworkMethod.invokeExplosively(FrameworkMethod.java:44)
	at org.junit.internal.runners.statements.InvokeMethod.evaluate(InvokeMethod.java:17)
	at org.junit.runners.ParentRunner.runLeaf(ParentRunner.java:271)
	at org.junit.runners.BlockJUnit4ClassRunner.runChild(BlockJUnit4ClassRunner.java:70)
	at org.junit.runners.BlockJUnit4ClassRunner.runChild(BlockJUnit4ClassRunner.java:50)
	at org.junit.runners.ParentRunner$3.run(ParentRunner.java:238)
	at org.junit.runners.ParentRunner$1.schedule(ParentRunner.java:63)
	at org.junit.runners.ParentRunner.runChildren(ParentRunner.java:236)
	at org.junit.runners.ParentRunner.access$000(ParentRunner.java:53)
	at org.junit.runners.ParentRunner$2.evaluate(ParentRunner.java:229)
	at org.junit.internal.runners.statements.RunBefores.evaluate(RunBefores.java:26)
	at org.junit.runners.ParentRunner.run(ParentRunner.java:309)
	at junit.framework.JUnit4TestAdapter.run(JUnit4TestAdapter.java:38)
	at org.apache.tools.ant.taskdefs.optional.junit.JUnitTestRunner.run(JUnitTestRunner.java:535)
	at org.apache.tools.ant.taskdefs.optional.junit.JUnitTestRunner.launch(JUnitTestRunner.java:1182)
	at org.apache.tools.ant.taskdefs.optional.junit.JUnitTestRunner.main(JUnitTestRunner.java:1033)
[Weka] Problem loading package LibLINEAR skipping...
java.lang.ClassCastException: class jdk.internal.loader.ClassLoaders$AppClassLoader cannot be cast to class java.net.URLClassLoader (jdk.internal.loader.ClassLoaders$AppClassLoader and java.net.URLClassLoader are in module java.base of loader 'bootstrap')
	at weka.core.ClassloaderUtil.addURL(ClassloaderUtil.java:70)
	at weka.core.ClassloaderUtil.addFile(ClassloaderUtil.java:59)
	at weka.core.ClassloaderUtil.addFile(ClassloaderUtil.java:50)
	at weka.core.WekaPackageManager.loadPackageDirectory(WekaPackageManager.java:351)
	at weka.core.WekaPackageManager.loadPackageDirectory(WekaPackageManager.java:355)
	at weka.core.WekaPackageManager.loadPackages(WekaPackageManager.java:618)
	at weka.core.WekaPackageManager.loadPackages(WekaPackageManager.java:578)
	at weka.gui.GenericObjectEditor.determineClasses(GenericObjectEditor.java:173)
	at weka.gui.GenericObjectEditor.<clinit>(GenericObjectEditor.java:252)
	at plugins.learning.WekaGeneric.<init>(WekaGeneric.java:33)
	at java.base/jdk.internal.reflect.NativeConstructorAccessorImpl.newInstance0(Native Method)
	at java.base/jdk.internal.reflect.NativeConstructorAccessorImpl.newInstance(NativeConstructorAccessorImpl.java:62)
	at java.base/jdk.internal.reflect.DelegatingConstructorAccessorImpl.newInstance(DelegatingConstructorAccessorImpl.java:45)
	at java.base/java.lang.reflect.Constructor.newInstance(Constructor.java:490)
	at edu.cmu.side.plugin.control.PluginLoader.<init>(PluginLoader.java:66)
	at edu.cmu.side.plugin.control.PluginWrapper.getSIDEPlugin(PluginWrapper.java:52)
	at edu.cmu.side.plugin.control.PluginWrapper.getType(PluginWrapper.java:64)
	at edu.cmu.side.plugin.control.PluginManager.createPluginTypeMap(PluginManager.java:163)
	at edu.cmu.side.plugin.control.PluginManager.<init>(PluginManager.java:190)
	at edu.cmu.side.plugin.control.PluginManager.getSharedPluginManager(PluginManager.java:204)
	at edu.cmu.side.plugin.control.PluginManager.getPluginByClassname(PluginManager.java:212)
	at edu.cmu.side.plugin.SIDEPlugin.fromSerializable(SIDEPlugin.java:155)
	at edu.cmu.side.model.OrderedPluginMap.readObject(OrderedPluginMap.java:230)
	at java.base/jdk.internal.reflect.NativeMethodAccessorImpl.invoke0(Native Method)
	at java.base/jdk.internal.reflect.NativeMethodAccessorImpl.invoke(NativeMethodAccessorImpl.java:62)
	at java.base/jdk.internal.reflect.DelegatingMethodAccessorImpl.invoke(DelegatingMethodAccessorImpl.java:43)
	at java.base/java.lang.reflect.Method.invoke(Method.java:566)
	at com.thoughtworks.xstream.converters.reflection.SerializationMethodInvoker.callReadObject(SerializationMethodInvoker.java:113)
	at com.thoughtworks.xstream.converters.reflection.SerializableConverter.doUnmarshal(SerializableConverter.java:425)
	at com.thoughtworks.xstream.converters.reflection.AbstractReflectionConverter.unmarshal(AbstractReflectionConverter.java:234)
	at com.thoughtworks.xstream.core.TreeUnmarshaller.convert(TreeUnmarshaller.java:72)
	at com.thoughtworks.xstream.core.AbstractReferenceUnmarshaller.convert(AbstractReferenceUnmarshaller.java:65)
	at com.thoughtworks.xstream.core.TreeUnmarshaller.convertAnother(TreeUnmarshaller.java:66)
	at com.thoughtworks.xstream.core.TreeUnmarshaller.convertAnother(TreeUnmarshaller.java:50)
	at com.thoughtworks.xstream.converters.reflection.SerializableConverter$2.readFromStream(SerializableConverter.java:311)
	at com.thoughtworks.xstream.core.util.CustomObjectInputStream.readObjectOverride(CustomObjectInputStream.java:104)
	at java.base/java.io.ObjectInputStream.readObject(ObjectInputStream.java:424)
	at edu.cmu.side.model.Recipe.readObject(Recipe.java:468)
	at java.base/jdk.internal.reflect.NativeMethodAccessorImpl.invoke0(Native Method)
	at java.base/jdk.internal.reflect.NativeMethodAccessorImpl.invoke(NativeMethodAccessorImpl.java:62)
	at java.base/jdk.internal.reflect.DelegatingMethodAccessorImpl.invoke(DelegatingMethodAccessorImpl.java:43)
	at java.base/java.lang.reflect.Method.invoke(Method.java:566)
	at com.thoughtworks.xstream.converters.reflection.SerializationMethodInvoker.callReadObject(SerializationMethodInvoker.java:113)
	at com.thoughtworks.xstream.converters.reflection.SerializableConverter.doUnmarshal(SerializableConverter.java:425)
	at com.thoughtworks.xstream.converters.reflection.AbstractReflectionConverter.unmarshal(AbstractReflectionConverter.java:234)
	at com.thoughtworks.xstream.core.TreeUnmarshaller.convert(TreeUnmarshaller.java:72)
	at com.thoughtworks.xstream.core.AbstractReferenceUnmarshaller.convert(AbstractReferenceUnmarshaller.java:65)
	at com.thoughtworks.xstream.core.TreeUnmarshaller.convertAnother(TreeUnmarshaller.java:66)
	at com.thoughtworks.xstream.core.TreeUnmarshaller.convertAnother(TreeUnmarshaller.java:50)
	at com.thoughtworks.xstream.core.TreeUnmarshaller.start(TreeUnmarshaller.java:134)
	at com.thoughtworks.xstream.core.AbstractTreeMarshallingStrategy.unmarshal(AbstractTreeMarshallingStrategy.java:32)
	at com.thoughtworks.xstream.XStream.unmarshal(XStream.java:1058)
	at com.thoughtworks.xstream.XStream.unmarshal(XStream.java:1042)
	at com.thoughtworks.xstream.XStream.fromXML(XStream.java:913)
	at edu.cmu.side.recipe.converters.ConverterControl.readFromXML(ConverterControl.java:130)
	at edu.cmu.side.recipe.converters.ConverterControl.readFromXML(ConverterControl.java:124)
	at edu.cmu.side.plugin.LearningPluginTest.testTrainNominal(LearningPluginTest.java:45)
	at java.base/jdk.internal.reflect.NativeMethodAccessorImpl.invoke0(Native Method)
	at java.base/jdk.internal.reflect.NativeMethodAccessorImpl.invoke(NativeMethodAccessorImpl.java:62)
	at java.base/jdk.internal.reflect.DelegatingMethodAccessorImpl.invoke(DelegatingMethodAccessorImpl.java:43)
	at java.base/java.lang.reflect.Method.invoke(Method.java:566)
	at org.junit.runners.model.FrameworkMethod$1.runReflectiveCall(FrameworkMethod.java:47)
	at org.junit.internal.runners.model.ReflectiveCallable.run(ReflectiveCallable.java:12)
	at org.junit.runners.model.FrameworkMethod.invokeExplosively(FrameworkMethod.java:44)
	at org.junit.internal.runners.statements.InvokeMethod.evaluate(InvokeMethod.java:17)
	at org.junit.runners.ParentRunner.runLeaf(ParentRunner.java:271)
	at org.junit.runners.BlockJUnit4ClassRunner.runChild(BlockJUnit4ClassRunner.java:70)
	at org.junit.runners.BlockJUnit4ClassRunner.runChild(BlockJUnit4ClassRunner.java:50)
	at org.junit.runners.ParentRunner$3.run(ParentRunner.java:238)
	at org.junit.runners.ParentRunner$1.schedule(ParentRunner.java:63)
	at org.junit.runners.ParentRunner.runChildren(ParentRunner.java:236)
	at org.junit.runners.ParentRunner.access$000(ParentRunner.java:53)
	at org.junit.runners.ParentRunner$2.evaluate(ParentRunner.java:229)
	at org.junit.internal.runners.statements.RunBefores.evaluate(RunBefores.java:26)
	at org.junit.runners.ParentRunner.run(ParentRunner.java:309)
	at junit.framework.JUnit4TestAdapter.run(JUnit4TestAdapter.java:38)
	at org.apache.tools.ant.taskdefs.optional.junit.JUnitTestRunner.run(JUnitTestRunner.java:535)
	at org.apache.tools.ant.taskdefs.optional.junit.JUnitTestRunner.launch(JUnitTestRunner.java:1182)
	at org.apache.tools.ant.taskdefs.optional.junit.JUnitTestRunner.main(JUnitTestRunner.java:1033)
[Weka] Problem loading package LibSVM skipping...
Refreshing GOE props...
ASSERTION FAILED
java.lang.reflect.InvocationTargetException
	at java.base/jdk.internal.reflect.NativeConstructorAccessorImpl.newInstance0(Native Method)
	at java.base/jdk.internal.reflect.NativeConstructorAccessorImpl.newInstance(NativeConstructorAccessorImpl.java:62)
	at java.base/jdk.internal.reflect.DelegatingConstructorAccessorImpl.newInstance(DelegatingConstructorAccessorImpl.java:45)
	at java.base/java.lang.reflect.Constructor.newInstance(Constructor.java:490)
	at edu.cmu.side.plugin.control.PluginLoader.<init>(PluginLoader.java:66)
	at edu.cmu.side.plugin.control.PluginWrapper.getSIDEPlugin(PluginWrapper.java:52)
	at edu.cmu.side.plugin.control.PluginWrapper.getType(PluginWrapper.java:64)
	at edu.cmu.side.plugin.control.PluginManager.createPluginTypeMap(PluginManager.java:163)
	at edu.cmu.side.plugin.control.PluginManager.<init>(PluginManager.java:190)
	at edu.cmu.side.plugin.control.PluginManager.getSharedPluginManager(PluginManager.java:204)
	at edu.cmu.side.plugin.control.PluginManager.getPluginByClassname(PluginManager.java:212)
	at edu.cmu.side.plugin.SIDEPlugin.fromSerializable(SIDEPlugin.java:155)
	at edu.cmu.side.model.OrderedPluginMap.readObject(OrderedPluginMap.java:230)
	at java.base/jdk.internal.reflect.NativeMethodAccessorImpl.invoke0(Native Method)
	at java.base/jdk.internal.reflect.NativeMethodAccessorImpl.invoke(NativeMethodAccessorImpl.java:62)
	at java.base/jdk.internal.reflect.DelegatingMethodAccessorImpl.invoke(DelegatingMethodAccessorImpl.java:43)
	at java.base/java.lang.reflect.Method.invoke(Method.java:566)
	at com.thoughtworks.xstream.converters.reflection.SerializationMethodInvoker.callReadObject(SerializationMethodInvoker.java:113)
	at com.thoughtworks.xstream.converters.reflection.SerializableConverter.doUnmarshal(SerializableConverter.java:425)
	at com.thoughtworks.xstream.converters.reflection.AbstractReflectionConverter.unmarshal(AbstractReflectionConverter.java:234)
	at com.thoughtworks.xstream.core.TreeUnmarshaller.convert(TreeUnmarshaller.java:72)
	at com.thoughtworks.xstream.core.AbstractReferenceUnmarshaller.convert(AbstractReferenceUnmarshaller.java:65)
	at com.thoughtworks.xstream.core.TreeUnmarshaller.convertAnother(TreeUnmarshaller.java:66)
	at com.thoughtworks.xstream.core.TreeUnmarshaller.convertAnother(TreeUnmarshaller.java:50)
	at com.thoughtworks.xstream.converters.reflection.SerializableConverter$2.readFromStream(SerializableConverter.java:311)
	at com.thoughtworks.xstream.core.util.CustomObjectInputStream.readObjectOverride(CustomObjectInputStream.java:104)
	at java.base/java.io.ObjectInputStream.readObject(ObjectInputStream.java:424)
	at edu.cmu.side.model.Recipe.readObject(Recipe.java:468)
	at java.base/jdk.internal.reflect.NativeMethodAccessorImpl.invoke0(Native Method)
	at java.base/jdk.internal.reflect.NativeMethodAccessorImpl.invoke(NativeMethodAccessorImpl.java:62)
	at java.base/jdk.internal.reflect.DelegatingMethodAccessorImpl.invoke(DelegatingMethodAccessorImpl.java:43)
	at java.base/java.lang.reflect.Method.invoke(Method.java:566)
	at com.thoughtworks.xstream.converters.reflection.SerializationMethodInvoker.callReadObject(SerializationMethodInvoker.java:113)
	at com.thoughtworks.xstream.converters.reflection.SerializableConverter.doUnmarshal(SerializableConverter.java:425)
	at com.thoughtworks.xstream.converters.reflection.AbstractReflectionConverter.unmarshal(AbstractReflectionConverter.java:234)
	at com.thoughtworks.xstream.core.TreeUnmarshaller.convert(TreeUnmarshaller.java:72)
	at com.thoughtworks.xstream.core.AbstractReferenceUnmarshaller.convert(AbstractReferenceUnmarshaller.java:65)
	at com.thoughtworks.xstream.core.TreeUnmarshaller.convertAnother(TreeUnmarshaller.java:66)
	at com.thoughtworks.xstream.core.TreeUnmarshaller.convertAnother(TreeUnmarshaller.java:50)
	at com.thoughtworks.xstream.core.TreeUnmarshaller.start(TreeUnmarshaller.java:134)
	at com.thoughtworks.xstream.core.AbstractTreeMarshallingStrategy.unmarshal(AbstractTreeMarshallingStrategy.java:32)
	at com.thoughtworks.xstream.XStream.unmarshal(XStream.java:1058)
	at com.thoughtworks.xstream.XStream.unmarshal(XStream.java:1042)
	at com.thoughtworks.xstream.XStream.fromXML(XStream.java:913)
	at edu.cmu.side.recipe.converters.ConverterControl.readFromXML(ConverterControl.java:130)
	at edu.cmu.side.recipe.converters.ConverterControl.readFromXML(ConverterControl.java:124)
	at edu.cmu.side.plugin.LearningPluginTest.testTrainNominal(LearningPluginTest.java:45)
	at java.base/jdk.internal.reflect.NativeMethodAccessorImpl.invoke0(Native Method)
	at java.base/jdk.internal.reflect.NativeMethodAccessorImpl.invoke(NativeMethodAccessorImpl.java:62)
	at java.base/jdk.internal.reflect.DelegatingMethodAccessorImpl.invoke(DelegatingMethodAccessorImpl.java:43)
	at java.base/java.lang.reflect.Method.invoke(Method.java:566)
	at org.junit.runners.model.FrameworkMethod$1.runReflectiveCall(FrameworkMethod.java:47)
	at org.junit.internal.runners.model.ReflectiveCallable.run(ReflectiveCallable.java:12)
	at org.junit.runners.model.FrameworkMethod.invokeExplosively(FrameworkMethod.java:44)
	at org.junit.internal.runners.statements.InvokeMethod.evaluate(InvokeMethod.java:17)
	at org.junit.runners.ParentRunner.runLeaf(ParentRunner.java:271)
	at org.junit.runners.BlockJUnit4ClassRunner.runChild(BlockJUnit4ClassRunner.java:70)
	at org.junit.runners.BlockJUnit4ClassRunner.runChild(BlockJUnit4ClassRunner.java:50)
	at org.junit.runners.ParentRunner$3.run(ParentRunner.java:238)
	at org.junit.runners.ParentRunner$1.schedule(ParentRunner.java:63)
	at org.junit.runners.ParentRunner.runChildren(ParentRunner.java:236)
	at org.junit.runners.ParentRunner.access$000(ParentRunner.java:53)
	at org.junit.runners.ParentRunner$2.evaluate(ParentRunner.java:229)
	at org.junit.internal.runners.statements.RunBefores.evaluate(RunBefores.java:26)
	at org.junit.runners.ParentRunner.run(ParentRunner.java:309)
	at junit.framework.JUnit4TestAdapter.run(JUnit4TestAdapter.java:38)
	at org.apache.tools.ant.taskdefs.optional.junit.JUnitTestRunner.run(JUnitTestRunner.java:535)
	at org.apache.tools.ant.taskdefs.optional.junit.JUnitTestRunner.launch(JUnitTestRunner.java:1182)
	at org.apache.tools.ant.taskdefs.optional.junit.JUnitTestRunner.main(JUnitTestRunner.java:1033)
Caused by: java.lang.ExceptionInInitializerError
	at plugins.learning.WekaGeneric.<init>(WekaGeneric.java:33)
	... 69 more
Caused by: java.awt.HeadlessException
	at java.desktop/java.awt.GraphicsEnvironment.checkHeadless(GraphicsEnvironment.java:208)
	at java.desktop/java.awt.Window.<init>(Window.java:548)
	at java.desktop/java.awt.Frame.<init>(Frame.java:423)
	at java.desktop/java.awt.Frame.<init>(Frame.java:388)
	at java.desktop/javax.swing.SwingUtilities$SharedOwnerFrame.<init>(SwingUtilities.java:1919)
	at java.desktop/javax.swing.SwingUtilities.getSharedOwnerFrame(SwingUtilities.java:1995)
	at java.desktop/javax.swing.JOptionPane.getRootFrame(JOptionPane.java:1689)
	at java.desktop/javax.swing.JOptionPane.showOptionDialog(JOptionPane.java:868)
	at java.desktop/javax.swing.JOptionPane.showMessageDialog(JOptionPane.java:670)
	at java.desktop/javax.swing.JOptionPane.showMessageDialog(JOptionPane.java:641)
	at weka.gui.GenericObjectEditor.determineClasses(GenericObjectEditor.java:235)
	at weka.gui.GenericObjectEditor.<clinit>(GenericObjectEditor.java:252)
	... 70 more
]]></system-err>
</testsuite>
