<?xml version="1.0" encoding="UTF-8" ?>
<testsuite name="edu.cmu.side.model.FreqMapTest" timestamp="2018-10-15T20:33:36" hostname="Aeolis-Mons.wv.cc.cmu.edu" tests="10" failures="0" errors="0" skipped="0" time="0.117">
  <properties>
[...]
</properties>
  <testcase name="testSum" classname="edu.cmu.side.model.FreqMapTest" time="0.002" />
  <testcase name="testTop" classname="edu.cmu.side.model.FreqMapTest" time="0.003" />
  <testcase name="testCount" classname="edu.cmu.side.model.FreqMapTest" time="0.0" />
  <testcase name="testSafeGetFailure" classname="edu.cmu.side.model.FreqMapTest" time="0.0" />
  <testcase name="testArrayList" classname="edu.cmu.side.model.FreqMapTest" time="0.001" />
  <testcase name="testCountAll" classname="edu.cmu.side.model.FreqMapTest" time="0.0" />
  <testcase name="testCountWithInteger" classname="edu.cmu.side.model.FreqMapTest" time="0.0" />
  <testcase name="testTopTooHighIndex" classname="edu.cmu.side.model.FreqMapTest" time="0.0" />
  <testcase name="testGetMaxKey" classname="edu.cmu.side.model.FreqMapTest" time="0.0" />
  <testcase name="testSafeGet" classname="edu.cmu.side.model.FreqMapTest" time="0.0" />
  <system-out><![CDATA[]]></system-out>
  <system-err><![CDATA[]]></system-err>
</testsuite>
