<?xml version="1.0" encoding="UTF-8" ?>
<testsuite name="plugins.fileParsing.CSVParserTest" timestamp="2022-04-18T17:40:50" hostname="NATCHEZ.LTI.CS.CMU.EDU" tests="6" failures="0" errors="0" skipped="0" time="0.157">
  <properties>
[...]
</properties>
  <testcase name="testCanHandleFalseIncorrectSuffix" classname="plugins.fileParsing.CSVParserTest" time="0.005" />
  <testcase name="testCanHandleFalseNoSuffix" classname="plugins.fileParsing.CSVParserTest" time="0.0" />
  <testcase name="testParseDocumentNullList" classname="plugins.fileParsing.CSVParserTest" time="0.003" />
  <testcase name="testParseDocumentEmptyList" classname="plugins.fileParsing.CSVParserTest" time="0.0" />
  <testcase name="testParseDocumentSingleFile" classname="plugins.fileParsing.CSVParserTest" time="0.014" />
  <testcase name="testCanHandleTrue" classname="plugins.fileParsing.CSVParserTest" time="0.0" />
  <system-out><![CDATA[]]></system-out>
  <system-err><![CDATA[]]></system-err>
</testsuite>
